<?xml version="1.0" encoding="UTF-8"?>
<!-- Generated by org.testng.reporters.JUnitReportReporter -->
<testsuite hostname="acer-PC" name="simple.Test1" tests="3" failures="0" timestamp="29 Jun 2014 08:12:01 GMT" time="38.341" errors="0">
  <testcase name="Test1" time="12.741" classname="simple.Test1"/>
  <testcase name="Test1" time="13.654" classname="simple.Test1"/>
  <testcase name="Test1" time="11.946" classname="simple.Test1"/>
</testsuite> <!-- simple.Test1 -->
