<?xml version="1.0" encoding="UTF-8"?>
<!-- Generated by org.testng.reporters.JUnitReportReporter -->
<testsuite hostname="acer-PC" name="simple.Test1" tests="3" failures="0" timestamp="29 Jun 2014 06:59:46 GMT" time="42.353" errors="0">
  <testcase name="Test1" time="16.630" classname="simple.Test1"/>
  <testcase name="Test1" time="14.850" classname="simple.Test1"/>
  <testcase name="Test1" time="10.873" classname="simple.Test1"/>
</testsuite> <!-- simple.Test1 -->
