<?xml version="1.0" encoding="UTF-8"?>
<!-- Generated by org.testng.reporters.JUnitReportReporter -->
<testsuite hostname="acer-PC" name="simple.Test1" tests="3" failures="0" timestamp="29 Jun 2014 07:06:28 GMT" time="23.972" errors="0">
  <testcase name="Test1" time="7.910" classname="simple.Test1"/>
  <testcase name="Test1" time="11.367" classname="simple.Test1"/>
  <testcase name="Test1" time="4.695" classname="simple.Test1"/>
</testsuite>
